============================================================
  Land O Lil v7b — Python APK Builder
  Package: com.carrpod.landolil
============================================================

[1/5] Generating R.java from resources...
  [gen-r] R.java generated with 6 resource IDs

[2/5] Compiling Java source...
  [javac] Compiling 2 Java source(s)...
  [javac] Compiled 22 class files

[3/5] Converting to DEX bytecode...
  [d8] Converting 22 class files to dex...
  [d8] classes.dex: 21856 bytes

[4/5] Building APK...
  [arsc] Minimal resources.arsc: 632 bytes
  [zip] Base APK: /workspace/bb8f9c5f-e866-4346-a29c-8d72daa0ad2d/sessions/agent_bd9c3afd-d3d1-4c53-8888-d25c5232fcd8/CSMApps/landolil/v7b/out/LandOLil-base.apk (12660 bytes)

[5/5] Signing APK...
  [sign] Signing /workspace/bb8f9c5f-e866-4346-a29c-8d72daa0ad2d/sessions/agent_bd9c3afd-d3d1-4c53-8888-d25c5232fcd8/CSMApps/landolil/v7b/out/LandOLil-v7b.apk...
  [sign] Signed APK: /workspace/bb8f9c5f-e866-4346-a29c-8d72daa0ad2d/sessions/agent_bd9c3afd-d3d1-4c53-8888-d25c5232fcd8/CSMApps/landolil/v7b/out/LandOLil-v7b.apk (15162 bytes)

============================================================
  BUILD COMPLETE — Land O Lil v7b
  APK: /workspace/bb8f9c5f-e866-4346-a29c-8d72daa0ad2d/sessions/agent_bd9c3afd-d3d1-4c53-8888-d25c5232fcd8/CSMApps/landolil/v7b/out/LandOLil-v7b.apk
  Size: 15162 bytes (14.8 KB)
  Time: 6.2s
============================================================
  Copied to: /workspace/bb8f9c5f-e866-4346-a29c-8d72daa0ad2d/sessions/agent_bd9c3afd-d3d1-4c53-8888-d25c5232fcd8/CSMApps/landolil/v7b/../../../../LandOLil-v7b.apk
